Linked: (/home/local/degmat87367/Desktop/ROS-LAB/lab1/catkin_ws/devel/.private/intro_tutorial/include/intro_tutorial/msg1.h, /home/local/degmat87367/Desktop/ROS-LAB/lab1/catkin_ws/devel/include/intro_tutorial/msg1.h)
Symlinking /home/local/degmat87367/Desktop/ROS-LAB/lab1/catkin_ws/devel/include/intro_tutorial/srv1.h
Symlinking /home/local/degmat87367/Desktop/ROS-LAB/lab1/catkin_ws/devel/include/intro_tutorial/srv1Request.h
Symlinking /home/local/degmat87367/Desktop/ROS-LAB/lab1/catkin_ws/devel/include/intro_tutorial/srv1Response.h
Linked: (/home/local/degmat87367/Desktop/ROS-LAB/lab1/catkin_ws/devel/.private/intro_tutorial/lib/intro_tutorial/listener, /home/local/degmat87367/Desktop/ROS-LAB/lab1/catkin_ws/devel/lib/intro_tutorial/listener)
Linked: (/home/local/degmat87367/Desktop/ROS-LAB/lab1/catkin_ws/devel/.private/intro_tutorial/lib/intro_tutorial/talker, /home/local/degmat87367/Desktop/ROS-LAB/lab1/catkin_ws/devel/lib/intro_tutorial/talker)
Linked: (/home/local/degmat87367/Desktop/ROS-LAB/lab1/catkin_ws/devel/.private/intro_tutorial/lib/pkgconfig/intro_tutorial.pc, /home/local/degmat87367/Desktop/ROS-LAB/lab1/catkin_ws/devel/lib/pkgconfig/intro_tutorial.pc)
Linked: (/home/local/degmat87367/Desktop/ROS-LAB/lab1/catkin_ws/devel/.private/intro_tutorial/lib/python3/dist-packages/intro_tutorial/__init__.py, /home/local/degmat87367/Desktop/ROS-LAB/lab1/catkin_ws/devel/lib/python3/dist-packages/intro_tutorial/__init__.py)
Linked: (/home/local/degmat87367/Desktop/ROS-LAB/lab1/catkin_ws/devel/.private/intro_tutorial/lib/python3/dist-packages/intro_tutorial/msg/_msg1.py, /home/local/degmat87367/Desktop/ROS-LAB/lab1/catkin_ws/devel/lib/python3/dist-packages/intro_tutorial/msg/_msg1.py)
Linked: (/home/local/degmat87367/Desktop/ROS-LAB/lab1/catkin_ws/devel/.private/intro_tutorial/lib/python3/dist-packages/intro_tutorial/msg/__init__.py, /home/local/degmat87367/Desktop/ROS-LAB/lab1/catkin_ws/devel/lib/python3/dist-packages/intro_tutorial/msg/__init__.py)
Symlinking /home/local/degmat87367/Desktop/ROS-LAB/lab1/catkin_ws/devel/lib/python3/dist-packages/intro_tutorial/srv/_srv1.py
Symlinking /home/local/degmat87367/Desktop/ROS-LAB/lab1/catkin_ws/devel/lib/python3/dist-packages/intro_tutorial/srv/__init__.py
Linked: (/home/local/degmat87367/Desktop/ROS-LAB/lab1/catkin_ws/devel/.private/intro_tutorial/share/common-lisp/ros/intro_tutorial/msg/intro_tutorial-msg.asd, /home/local/degmat87367/Desktop/ROS-LAB/lab1/catkin_ws/devel/share/common-lisp/ros/intro_tutorial/msg/intro_tutorial-msg.asd)
Linked: (/home/local/degmat87367/Desktop/ROS-LAB/lab1/catkin_ws/devel/.private/intro_tutorial/share/common-lisp/ros/intro_tutorial/msg/msg1.lisp, /home/local/degmat87367/Desktop/ROS-LAB/lab1/catkin_ws/devel/share/common-lisp/ros/intro_tutorial/msg/msg1.lisp)
Linked: (/home/local/degmat87367/Desktop/ROS-LAB/lab1/catkin_ws/devel/.private/intro_tutorial/share/common-lisp/ros/intro_tutorial/msg/_package.lisp, /home/local/degmat87367/Desktop/ROS-LAB/lab1/catkin_ws/devel/share/common-lisp/ros/intro_tutorial/msg/_package.lisp)
Linked: (/home/local/degmat87367/Desktop/ROS-LAB/lab1/catkin_ws/devel/.private/intro_tutorial/share/common-lisp/ros/intro_tutorial/msg/_package_msg1.lisp, /home/local/degmat87367/Desktop/ROS-LAB/lab1/catkin_ws/devel/share/common-lisp/ros/intro_tutorial/msg/_package_msg1.lisp)
Symlinking /home/local/degmat87367/Desktop/ROS-LAB/lab1/catkin_ws/devel/share/common-lisp/ros/intro_tutorial/srv/intro_tutorial-srv.asd
Symlinking /home/local/degmat87367/Desktop/ROS-LAB/lab1/catkin_ws/devel/share/common-lisp/ros/intro_tutorial/srv/srv1.lisp
Symlinking /home/local/degmat87367/Desktop/ROS-LAB/lab1/catkin_ws/devel/share/common-lisp/ros/intro_tutorial/srv/_package.lisp
Symlinking /home/local/degmat87367/Desktop/ROS-LAB/lab1/catkin_ws/devel/share/common-lisp/ros/intro_tutorial/srv/_package_srv1.lisp
Linked: (/home/local/degmat87367/Desktop/ROS-LAB/lab1/catkin_ws/devel/.private/intro_tutorial/share/gennodejs/ros/intro_tutorial/_index.js, /home/local/degmat87367/Desktop/ROS-LAB/lab1/catkin_ws/devel/share/gennodejs/ros/intro_tutorial/_index.js)
Linked: (/home/local/degmat87367/Desktop/ROS-LAB/lab1/catkin_ws/devel/.private/intro_tutorial/share/gennodejs/ros/intro_tutorial/msg/msg1.js, /home/local/degmat87367/Desktop/ROS-LAB/lab1/catkin_ws/devel/share/gennodejs/ros/intro_tutorial/msg/msg1.js)
Linked: (/home/local/degmat87367/Desktop/ROS-LAB/lab1/catkin_ws/devel/.private/intro_tutorial/share/gennodejs/ros/intro_tutorial/msg/_index.js, /home/local/degmat87367/Desktop/ROS-LAB/lab1/catkin_ws/devel/share/gennodejs/ros/intro_tutorial/msg/_index.js)
Symlinking /home/local/degmat87367/Desktop/ROS-LAB/lab1/catkin_ws/devel/share/gennodejs/ros/intro_tutorial/srv/srv1.js
Symlinking /home/local/degmat87367/Desktop/ROS-LAB/lab1/catkin_ws/devel/share/gennodejs/ros/intro_tutorial/srv/_index.js
Linked: (/home/local/degmat87367/Desktop/ROS-LAB/lab1/catkin_ws/devel/.private/intro_tutorial/share/intro_tutorial/cmake/intro_tutorial-msg-extras.cmake, /home/local/degmat87367/Desktop/ROS-LAB/lab1/catkin_ws/devel/share/intro_tutorial/cmake/intro_tutorial-msg-extras.cmake)
Linked: (/home/local/degmat87367/Desktop/ROS-LAB/lab1/catkin_ws/devel/.private/intro_tutorial/share/intro_tutorial/cmake/intro_tutorial-msg-paths.cmake, /home/local/degmat87367/Desktop/ROS-LAB/lab1/catkin_ws/devel/share/intro_tutorial/cmake/intro_tutorial-msg-paths.cmake)
Linked: (/home/local/degmat87367/Desktop/ROS-LAB/lab1/catkin_ws/devel/.private/intro_tutorial/share/intro_tutorial/cmake/intro_tutorialConfig-version.cmake, /home/local/degmat87367/Desktop/ROS-LAB/lab1/catkin_ws/devel/share/intro_tutorial/cmake/intro_tutorialConfig-version.cmake)
Linked: (/home/local/degmat87367/Desktop/ROS-LAB/lab1/catkin_ws/devel/.private/intro_tutorial/share/intro_tutorial/cmake/intro_tutorialConfig.cmake, /home/local/degmat87367/Desktop/ROS-LAB/lab1/catkin_ws/devel/share/intro_tutorial/cmake/intro_tutorialConfig.cmake)
Linked: (/home/local/degmat87367/Desktop/ROS-LAB/lab1/catkin_ws/devel/.private/intro_tutorial/share/roseus/ros/intro_tutorial/manifest.l, /home/local/degmat87367/Desktop/ROS-LAB/lab1/catkin_ws/devel/share/roseus/ros/intro_tutorial/manifest.l)
Linked: (/home/local/degmat87367/Desktop/ROS-LAB/lab1/catkin_ws/devel/.private/intro_tutorial/share/roseus/ros/intro_tutorial/msg/msg1.l, /home/local/degmat87367/Desktop/ROS-LAB/lab1/catkin_ws/devel/share/roseus/ros/intro_tutorial/msg/msg1.l)
Symlinking /home/local/degmat87367/Desktop/ROS-LAB/lab1/catkin_ws/devel/share/roseus/ros/intro_tutorial/srv/srv1.l
