[35m[1mScanning dependencies of target _intro_tutorial_generate_messages_check_deps_msg1[0m
[35m[1mScanning dependencies of target std_msgs_generate_messages_cpp[0m
[35m[1mScanning dependencies of target _intro_tutorial_generate_messages_check_deps_srv1[0m
[35m[1mScanning dependencies of target _intro_tutorial_generate_messages_check_deps_robotservice[0m
[  0%] Built target std_msgs_generate_messages_cpp
[35m[1mScanning dependencies of target std_msgs_generate_messages_lisp[0m
[  0%] Built target _intro_tutorial_generate_messages_check_deps_srv1
[  0%] Built target _intro_tutorial_generate_messages_check_deps_msg1
[  0%] Built target _intro_tutorial_generate_messages_check_deps_robotservice
[35m[1mScanning dependencies of target std_msgs_generate_messages_py[0m
[  0%] Built target std_msgs_generate_messages_lisp
[35m[1mScanning dependencies of target std_msgs_generate_messages_nodejs[0m
[35m[1mScanning dependencies of target std_msgs_generate_messages_eus[0m
[35m[1mScanning dependencies of target intro_tutorial_generate_messages_cpp[0m
[  0%] Built target std_msgs_generate_messages_py
[  0%] Built target std_msgs_generate_messages_nodejs
[  0%] Built target std_msgs_generate_messages_eus
[35m[1mScanning dependencies of target intro_tutorial_generate_messages_lisp[0m
[35m[1mScanning dependencies of target intro_tutorial_generate_messages_py[0m
[35m[1mScanning dependencies of target intro_tutorial_generate_messages_nodejs[0m
[  3%] [34m[1mGenerating C++ code from intro_tutorial/msg1.msg[0m
[  6%] [34m[1mGenerating Lisp code from intro_tutorial/msg1.msg[0m
[ 13%] [34m[1mGenerating Python from MSG intro_tutorial/msg1[0m
[ 13%] [34m[1mGenerating Javascript code from intro_tutorial/msg1.msg[0m
[ 16%] [34m[1mGenerating C++ code from intro_tutorial/srv1.srv[0m
[ 20%] [34m[1mGenerating Lisp code from intro_tutorial/srv1.srv[0m
[ 23%] [34m[1mGenerating Javascript code from intro_tutorial/srv1.srv[0m
[ 26%] [34m[1mGenerating Lisp code from intro_tutorial/robotservice.srv[0m
[ 30%] [34m[1mGenerating Javascript code from intro_tutorial/robotservice.srv[0m
[ 36%] [34m[1mGenerating C++ code from intro_tutorial/robotservice.srv[0m
[ 36%] [34m[1mGenerating Python code from SRV intro_tutorial/srv1[0m
[ 36%] Built target intro_tutorial_generate_messages_lisp
[ 36%] Built target intro_tutorial_generate_messages_nodejs
[35m[1mScanning dependencies of target intro_tutorial_generate_messages_eus[0m
[ 40%] [34m[1mGenerating Python code from SRV intro_tutorial/robotservice[0m
[ 43%] [34m[1mGenerating EusLisp code from intro_tutorial/msg1.msg[0m
[ 43%] Built target intro_tutorial_generate_messages_cpp
[ 46%] [34m[1mGenerating EusLisp code from intro_tutorial/srv1.srv[0m
[35m[1mScanning dependencies of target listener[0m
[ 50%] [34m[1mGenerating EusLisp code from intro_tutorial/robotservice.srv[0m
[ 53%] [34m[1mGenerating Python msg __init__.py for intro_tutorial[0m
[ 56%] [34m[1mGenerating EusLisp manifest code for intro_tutorial[0m
[35m[1mScanning dependencies of target example3_a[0m
[ 60%] [32mBuilding CXX object CMakeFiles/listener.dir/src/listener.cpp.o[0m
[ 63%] [34m[1mGenerating Python srv __init__.py for intro_tutorial[0m
[ 66%] [32mBuilding CXX object CMakeFiles/example3_a.dir/src/example3_a.cpp.o[0m
[ 66%] Built target intro_tutorial_generate_messages_py
[35m[1mScanning dependencies of target example3_b[0m
[ 70%] [32mBuilding CXX object CMakeFiles/example3_b.dir/src/example3_b.cpp.o[0m
[ 70%] Built target intro_tutorial_generate_messages_eus
[35m[1mScanning dependencies of target robot[0m
[ 73%] [32mBuilding CXX object CMakeFiles/robot.dir/src/robot.cpp.o[0m
In file included from [01m[K/opt/ros/noetic/include/ros/ros.h:40[m[K,
                 from [01m[K/home/local/degmat87367/Desktop/ROS-LAB/lab1/catkin_ws/src/intro_tutorial/src/example3_a.cpp:1[m[K:
[01m[K/home/local/degmat87367/Desktop/ROS-LAB/lab1/catkin_ws/src/intro_tutorial/src/example3_a.cpp:[m[K In function ‘[01m[Kbool add(intro_tutorial::srv1::Request&, intro_tutorial::srv1::Response&)[m[K’:
[01m[K/home/local/degmat87367/Desktop/ROS-LAB/lab1/catkin_ws/src/intro_tutorial/src/example3_a.cpp:9:12:[m[K [01;35m[Kwarning: [m[Kformat ‘[01m[K%ld[m[K’ expects argument of type ‘[01m[Klong int[m[K’, but argument 8 has type ‘[01m[Kintro_tutorial::srv1Response_<std::allocator<void> >::_sum_type[m[K’ {aka ‘[01m[Kint[m[K’} [[01;35m[K-Wformat=[m[K]
    9 |   ROS_INFO([01;35m[K"sending back response: [%ld]"[m[K,
      |            [01;35m[K^~~~~~~~~~~~~~~~~~~~~~~~~~~~~~[m[K
   10 |       [32m[K(int)res.sum[m[K);
      |       [32m[K~~~~~~~~~~~~[m[K
      |       [32m[K|[m[K
      |       [32m[Kintro_tutorial::srv1Response_<std::allocator<void> >::_sum_type {aka int}[m[K
[01m[K/opt/ros/noetic/include/ros/console.h:351:165:[m[K [01;36m[Knote: [m[Kin definition of macro ‘[01m[KROSCONSOLE_PRINT_AT_LOCATION_WITH_FILTER[m[K’
  351 |     ::ros::console::print(filter, __rosconsole_define_location__loc.logger_, __rosconsole_define_location__loc.level_, __FILE__, __LINE__, __ROSCONSOLE_FUNCTION__, [01;36m[K__VA_ARGS__[m[K)
      |                                                                                                                                                                     [01;36m[K^~~~~~~~~~~[m[K
[01m[K/opt/ros/noetic/include/ros/console.h:390:7:[m[K [01;36m[Knote: [m[Kin expansion of macro ‘[01m[KROSCONSOLE_PRINT_AT_LOCATION[m[K’
  390 |       [01;36m[KROSCONSOLE_PRINT_AT_LOCATION[m[K(__VA_ARGS__); \
      |       [01;36m[K^~~~~~~~~~~~~~~~~~~~~~~~~~~~[m[K
[01m[K/opt/ros/noetic/include/ros/console.h:575:35:[m[K [01;36m[Knote: [m[Kin expansion of macro ‘[01m[KROS_LOG_COND[m[K’
  575 | #define ROS_LOG(level, name, ...) [01;36m[KROS_LOG_COND[m[K(true, level, name, __VA_ARGS__)
      |                                   [01;36m[K^~~~~~~~~~~~[m[K
[01m[K/opt/ros/noetic/include/rosconsole/macros_generated.h:110:23:[m[K [01;36m[Knote: [m[Kin expansion of macro ‘[01m[KROS_LOG[m[K’
  110 | #define ROS_INFO(...) [01;36m[KROS_LOG[m[K(::ros::console::levels::Info, ROSCONSOLE_DEFAULT_NAME, __VA_ARGS__)
      |                       [01;36m[K^~~~~~~[m[K
[01m[K/home/local/degmat87367/Desktop/ROS-LAB/lab1/catkin_ws/src/intro_tutorial/src/example3_a.cpp:9:3:[m[K [01;36m[Knote: [m[Kin expansion of macro ‘[01m[KROS_INFO[m[K’
    9 |   [01;36m[KROS_INFO[m[K("sending back response: [%ld]",
      |   [01;36m[K^~~~~~~~[m[K
[01m[K/home/local/degmat87367/Desktop/ROS-LAB/lab1/catkin_ws/src/intro_tutorial/src/example3_a.cpp:9:39:[m[K [01;36m[Knote: [m[Kformat string is defined here
    9 |   ROS_INFO("sending back response: [[01;36m[K%ld[m[K]",
      |                                     [01;36m[K~~^[m[K
      |                                       [01;36m[K|[m[K
      |                                       [01;36m[Klong int[m[K
      |                                     [32m[K%d[m[K
[ 76%] [32m[1mLinking CXX executable /home/local/degmat87367/Desktop/ROS-LAB/lab1/catkin_ws/devel/.private/intro_tutorial/lib/intro_tutorial/example3_a[0m
[ 80%] [32m[1mLinking CXX executable /home/local/degmat87367/Desktop/ROS-LAB/lab1/catkin_ws/devel/.private/intro_tutorial/lib/intro_tutorial/listener[0m
[ 83%] [32m[1mLinking CXX executable /home/local/degmat87367/Desktop/ROS-LAB/lab1/catkin_ws/devel/.private/intro_tutorial/lib/intro_tutorial/example3_b[0m
[ 83%] Built target example3_a
[ 83%] Built target listener
[35m[1mScanning dependencies of target station[0m
[35m[1mScanning dependencies of target intro_tutorial_generate_messages[0m
[ 83%] Built target intro_tutorial_generate_messages
[ 83%] Built target example3_b
[35m[1mScanning dependencies of target talker[0m
[ 86%] [32mBuilding CXX object CMakeFiles/station.dir/src/station.cpp.o[0m
[ 90%] [32mBuilding CXX object CMakeFiles/talker.dir/src/talker.cpp.o[0m
In file included from [01m[K/opt/ros/noetic/include/ros/ros.h:40[m[K,
                 from [01m[K/home/local/degmat87367/Desktop/ROS-LAB/lab1/catkin_ws/src/intro_tutorial/src/robot.cpp:1[m[K:
[01m[K/home/local/degmat87367/Desktop/ROS-LAB/lab1/catkin_ws/src/intro_tutorial/src/robot.cpp:[m[K In function ‘[01m[Kbool add(intro_tutorial::robotservice::Request&, intro_tutorial::robotservice::Response&)[m[K’:
[01m[K/home/local/degmat87367/Desktop/ROS-LAB/lab1/catkin_ws/src/intro_tutorial/src/robot.cpp:9:12:[m[K [01;35m[Kwarning: [m[Kformat ‘[01m[K%ld[m[K’ expects argument of type ‘[01m[Klong int[m[K’, but argument 8 has type ‘[01m[Kintro_tutorial::robotserviceResponse_<std::allocator<void> >::_room_id_type[m[K’ {aka ‘[01m[Kint[m[K’} [[01;35m[K-Wformat=[m[K]
    9 |   ROS_INFO([01;35m[K"sending back response: [%ld]"[m[K,
      |            [01;35m[K^~~~~~~~~~~~~~~~~~~~~~~~~~~~~~[m[K
   10 |       [32m[K(int)res.room_id[m[K);
      |       [32m[K~~~~~~~~~~~~~~~~[m[K
      |       [32m[K|[m[K
      |       [32m[Kintro_tutorial::robotserviceResponse_<std::allocator<void> >::_room_id_type {aka int}[m[K
[01m[K/opt/ros/noetic/include/ros/console.h:351:165:[m[K [01;36m[Knote: [m[Kin definition of macro ‘[01m[KROSCONSOLE_PRINT_AT_LOCATION_WITH_FILTER[m[K’
  351 |     ::ros::console::print(filter, __rosconsole_define_location__loc.logger_, __rosconsole_define_location__loc.level_, __FILE__, __LINE__, __ROSCONSOLE_FUNCTION__, [01;36m[K__VA_ARGS__[m[K)
      |                                                                                                                                                                     [01;36m[K^~~~~~~~~~~[m[K
[01m[K/opt/ros/noetic/include/ros/console.h:390:7:[m[K [01;36m[Knote: [m[Kin expansion of macro ‘[01m[KROSCONSOLE_PRINT_AT_LOCATION[m[K’
  390 |       [01;36m[KROSCONSOLE_PRINT_AT_LOCATION[m[K(__VA_ARGS__); \
      |       [01;36m[K^~~~~~~~~~~~~~~~~~~~~~~~~~~~[m[K
[01m[K/opt/ros/noetic/include/ros/console.h:575:35:[m[K [01;36m[Knote: [m[Kin expansion of macro ‘[01m[KROS_LOG_COND[m[K’
  575 | #define ROS_LOG(level, name, ...) [01;36m[KROS_LOG_COND[m[K(true, level, name, __VA_ARGS__)
      |                                   [01;36m[K^~~~~~~~~~~~[m[K
[01m[K/opt/ros/noetic/include/rosconsole/macros_generated.h:110:23:[m[K [01;36m[Knote: [m[Kin expansion of macro ‘[01m[KROS_LOG[m[K’
  110 | #define ROS_INFO(...) [01;36m[KROS_LOG[m[K(::ros::console::levels::Info, ROSCONSOLE_DEFAULT_NAME, __VA_ARGS__)
      |                       [01;36m[K^~~~~~~[m[K
[01m[K/home/local/degmat87367/Desktop/ROS-LAB/lab1/catkin_ws/src/intro_tutorial/src/robot.cpp:9:3:[m[K [01;36m[Knote: [m[Kin expansion of macro ‘[01m[KROS_INFO[m[K’
    9 |   [01;36m[KROS_INFO[m[K("sending back response: [%ld]",
      |   [01;36m[K^~~~~~~~[m[K
[01m[K/home/local/degmat87367/Desktop/ROS-LAB/lab1/catkin_ws/src/intro_tutorial/src/robot.cpp:9:39:[m[K [01;36m[Knote: [m[Kformat string is defined here
    9 |   ROS_INFO("sending back response: [[01;36m[K%ld[m[K]",
      |                                     [01;36m[K~~^[m[K
      |                                       [01;36m[K|[m[K
      |                                       [01;36m[Klong int[m[K
      |                                     [32m[K%d[m[K
[ 93%] [32m[1mLinking CXX executable /home/local/degmat87367/Desktop/ROS-LAB/lab1/catkin_ws/devel/.private/intro_tutorial/lib/intro_tutorial/robot[0m
[ 93%] Built target robot
[100%] [32m[1mLinking CXX executable /home/local/degmat87367/Desktop/ROS-LAB/lab1/catkin_ws/devel/.private/intro_tutorial/lib/intro_tutorial/talker[0m
[100%] [32m[1mLinking CXX executable /home/local/degmat87367/Desktop/ROS-LAB/lab1/catkin_ws/devel/.private/intro_tutorial/lib/intro_tutorial/station[0m
[100%] Built target talker
[100%] Built target station
