Symlinking /home/local/degmat87367/Desktop/ROS-LAB/lab1/catkin_ws/devel/include/intro_tutorial/msg1.h
Symlinking /home/local/degmat87367/Desktop/ROS-LAB/lab1/catkin_ws/devel/include/intro_tutorial/robotservice.h
Symlinking /home/local/degmat87367/Desktop/ROS-LAB/lab1/catkin_ws/devel/include/intro_tutorial/robotserviceRequest.h
Symlinking /home/local/degmat87367/Desktop/ROS-LAB/lab1/catkin_ws/devel/include/intro_tutorial/robotserviceResponse.h
Symlinking /home/local/degmat87367/Desktop/ROS-LAB/lab1/catkin_ws/devel/include/intro_tutorial/srv1.h
Symlinking /home/local/degmat87367/Desktop/ROS-LAB/lab1/catkin_ws/devel/include/intro_tutorial/srv1Request.h
Symlinking /home/local/degmat87367/Desktop/ROS-LAB/lab1/catkin_ws/devel/include/intro_tutorial/srv1Response.h
Symlinking /home/local/degmat87367/Desktop/ROS-LAB/lab1/catkin_ws/devel/lib/intro_tutorial/example3_a
Symlinking /home/local/degmat87367/Desktop/ROS-LAB/lab1/catkin_ws/devel/lib/intro_tutorial/example3_b
Symlinking /home/local/degmat87367/Desktop/ROS-LAB/lab1/catkin_ws/devel/lib/intro_tutorial/listener
Symlinking /home/local/degmat87367/Desktop/ROS-LAB/lab1/catkin_ws/devel/lib/intro_tutorial/robot
Symlinking /home/local/degmat87367/Desktop/ROS-LAB/lab1/catkin_ws/devel/lib/intro_tutorial/station
Symlinking /home/local/degmat87367/Desktop/ROS-LAB/lab1/catkin_ws/devel/lib/intro_tutorial/talker
Symlinking /home/local/degmat87367/Desktop/ROS-LAB/lab1/catkin_ws/devel/lib/pkgconfig/intro_tutorial.pc
Symlinking /home/local/degmat87367/Desktop/ROS-LAB/lab1/catkin_ws/devel/lib/python3/dist-packages/intro_tutorial/__init__.py
Symlinking /home/local/degmat87367/Desktop/ROS-LAB/lab1/catkin_ws/devel/lib/python3/dist-packages/intro_tutorial/msg/_msg1.py
Symlinking /home/local/degmat87367/Desktop/ROS-LAB/lab1/catkin_ws/devel/lib/python3/dist-packages/intro_tutorial/msg/__init__.py
Symlinking /home/local/degmat87367/Desktop/ROS-LAB/lab1/catkin_ws/devel/lib/python3/dist-packages/intro_tutorial/srv/_robotservice.py
Symlinking /home/local/degmat87367/Desktop/ROS-LAB/lab1/catkin_ws/devel/lib/python3/dist-packages/intro_tutorial/srv/_srv1.py
Symlinking /home/local/degmat87367/Desktop/ROS-LAB/lab1/catkin_ws/devel/lib/python3/dist-packages/intro_tutorial/srv/__init__.py
Symlinking /home/local/degmat87367/Desktop/ROS-LAB/lab1/catkin_ws/devel/share/common-lisp/ros/intro_tutorial/msg/intro_tutorial-msg.asd
Symlinking /home/local/degmat87367/Desktop/ROS-LAB/lab1/catkin_ws/devel/share/common-lisp/ros/intro_tutorial/msg/msg1.lisp
Symlinking /home/local/degmat87367/Desktop/ROS-LAB/lab1/catkin_ws/devel/share/common-lisp/ros/intro_tutorial/msg/_package.lisp
Symlinking /home/local/degmat87367/Desktop/ROS-LAB/lab1/catkin_ws/devel/share/common-lisp/ros/intro_tutorial/msg/_package_msg1.lisp
Symlinking /home/local/degmat87367/Desktop/ROS-LAB/lab1/catkin_ws/devel/share/common-lisp/ros/intro_tutorial/srv/intro_tutorial-srv.asd
Symlinking /home/local/degmat87367/Desktop/ROS-LAB/lab1/catkin_ws/devel/share/common-lisp/ros/intro_tutorial/srv/robotservice.lisp
Symlinking /home/local/degmat87367/Desktop/ROS-LAB/lab1/catkin_ws/devel/share/common-lisp/ros/intro_tutorial/srv/srv1.lisp
Symlinking /home/local/degmat87367/Desktop/ROS-LAB/lab1/catkin_ws/devel/share/common-lisp/ros/intro_tutorial/srv/_package.lisp
Symlinking /home/local/degmat87367/Desktop/ROS-LAB/lab1/catkin_ws/devel/share/common-lisp/ros/intro_tutorial/srv/_package_robotservice.lisp
Symlinking /home/local/degmat87367/Desktop/ROS-LAB/lab1/catkin_ws/devel/share/common-lisp/ros/intro_tutorial/srv/_package_srv1.lisp
Symlinking /home/local/degmat87367/Desktop/ROS-LAB/lab1/catkin_ws/devel/share/gennodejs/ros/intro_tutorial/_index.js
Symlinking /home/local/degmat87367/Desktop/ROS-LAB/lab1/catkin_ws/devel/share/gennodejs/ros/intro_tutorial/msg/msg1.js
Symlinking /home/local/degmat87367/Desktop/ROS-LAB/lab1/catkin_ws/devel/share/gennodejs/ros/intro_tutorial/msg/_index.js
Symlinking /home/local/degmat87367/Desktop/ROS-LAB/lab1/catkin_ws/devel/share/gennodejs/ros/intro_tutorial/srv/robotservice.js
Symlinking /home/local/degmat87367/Desktop/ROS-LAB/lab1/catkin_ws/devel/share/gennodejs/ros/intro_tutorial/srv/srv1.js
Symlinking /home/local/degmat87367/Desktop/ROS-LAB/lab1/catkin_ws/devel/share/gennodejs/ros/intro_tutorial/srv/_index.js
Symlinking /home/local/degmat87367/Desktop/ROS-LAB/lab1/catkin_ws/devel/share/intro_tutorial/cmake/intro_tutorial-msg-extras.cmake
Symlinking /home/local/degmat87367/Desktop/ROS-LAB/lab1/catkin_ws/devel/share/intro_tutorial/cmake/intro_tutorial-msg-paths.cmake
Symlinking /home/local/degmat87367/Desktop/ROS-LAB/lab1/catkin_ws/devel/share/intro_tutorial/cmake/intro_tutorialConfig-version.cmake
Symlinking /home/local/degmat87367/Desktop/ROS-LAB/lab1/catkin_ws/devel/share/intro_tutorial/cmake/intro_tutorialConfig.cmake
Symlinking /home/local/degmat87367/Desktop/ROS-LAB/lab1/catkin_ws/devel/share/roseus/ros/intro_tutorial/manifest.l
Symlinking /home/local/degmat87367/Desktop/ROS-LAB/lab1/catkin_ws/devel/share/roseus/ros/intro_tutorial/msg/msg1.l
Symlinking /home/local/degmat87367/Desktop/ROS-LAB/lab1/catkin_ws/devel/share/roseus/ros/intro_tutorial/srv/robotservice.l
Symlinking /home/local/degmat87367/Desktop/ROS-LAB/lab1/catkin_ws/devel/share/roseus/ros/intro_tutorial/srv/srv1.l
Cleaning: (/home/fogliodicarta/Desktop/ROS-LAB/lab1/catkin_ws/devel/.private/intro_tutorial/cmake.lock, /home/fogliodicarta/Desktop/ROS-LAB/lab1/catkin_ws/devel/./cmake.lock)
Cleaning: (/home/fogliodicarta/Desktop/ROS-LAB/lab1/catkin_ws/devel/.private/intro_tutorial/lib/pkgconfig/intro_tutorial.pc, /home/fogliodicarta/Desktop/ROS-LAB/lab1/catkin_ws/devel/lib/pkgconfig/intro_tutorial.pc)
Cleaning: (/home/fogliodicarta/Desktop/ROS-LAB/lab1/catkin_ws/devel/.private/intro_tutorial/lib/intro_tutorial/talker, /home/fogliodicarta/Desktop/ROS-LAB/lab1/catkin_ws/devel/lib/intro_tutorial/talker)
Cleaning: (/home/fogliodicarta/Desktop/ROS-LAB/lab1/catkin_ws/devel/.private/intro_tutorial/lib/intro_tutorial/example3_a, /home/fogliodicarta/Desktop/ROS-LAB/lab1/catkin_ws/devel/lib/intro_tutorial/example3_a)
Cleaning: (/home/fogliodicarta/Desktop/ROS-LAB/lab1/catkin_ws/devel/.private/intro_tutorial/lib/intro_tutorial/station, /home/fogliodicarta/Desktop/ROS-LAB/lab1/catkin_ws/devel/lib/intro_tutorial/station)
Cleaning: (/home/fogliodicarta/Desktop/ROS-LAB/lab1/catkin_ws/devel/.private/intro_tutorial/lib/intro_tutorial/listener, /home/fogliodicarta/Desktop/ROS-LAB/lab1/catkin_ws/devel/lib/intro_tutorial/listener)
Cleaning: (/home/fogliodicarta/Desktop/ROS-LAB/lab1/catkin_ws/devel/.private/intro_tutorial/lib/intro_tutorial/example3_b, /home/fogliodicarta/Desktop/ROS-LAB/lab1/catkin_ws/devel/lib/intro_tutorial/example3_b)
Cleaning: (/home/fogliodicarta/Desktop/ROS-LAB/lab1/catkin_ws/devel/.private/intro_tutorial/lib/intro_tutorial/robot, /home/fogliodicarta/Desktop/ROS-LAB/lab1/catkin_ws/devel/lib/intro_tutorial/robot)
Cleaning: (/home/fogliodicarta/Desktop/ROS-LAB/lab1/catkin_ws/devel/.private/intro_tutorial/lib/python3/dist-packages/intro_tutorial/__init__.py, /home/fogliodicarta/Desktop/ROS-LAB/lab1/catkin_ws/devel/lib/python3/dist-packages/intro_tutorial/__init__.py)
Cleaning: (/home/fogliodicarta/Desktop/ROS-LAB/lab1/catkin_ws/devel/.private/intro_tutorial/lib/python3/dist-packages/intro_tutorial/srv/__init__.py, /home/fogliodicarta/Desktop/ROS-LAB/lab1/catkin_ws/devel/lib/python3/dist-packages/intro_tutorial/srv/__init__.py)
Cleaning: (/home/fogliodicarta/Desktop/ROS-LAB/lab1/catkin_ws/devel/.private/intro_tutorial/lib/python3/dist-packages/intro_tutorial/srv/_robotservice.py, /home/fogliodicarta/Desktop/ROS-LAB/lab1/catkin_ws/devel/lib/python3/dist-packages/intro_tutorial/srv/_robotservice.py)
Cleaning: (/home/fogliodicarta/Desktop/ROS-LAB/lab1/catkin_ws/devel/.private/intro_tutorial/lib/python3/dist-packages/intro_tutorial/srv/_srv1.py, /home/fogliodicarta/Desktop/ROS-LAB/lab1/catkin_ws/devel/lib/python3/dist-packages/intro_tutorial/srv/_srv1.py)
Cleaning: (/home/fogliodicarta/Desktop/ROS-LAB/lab1/catkin_ws/devel/.private/intro_tutorial/lib/python3/dist-packages/intro_tutorial/msg/__init__.py, /home/fogliodicarta/Desktop/ROS-LAB/lab1/catkin_ws/devel/lib/python3/dist-packages/intro_tutorial/msg/__init__.py)
Cleaning: (/home/fogliodicarta/Desktop/ROS-LAB/lab1/catkin_ws/devel/.private/intro_tutorial/lib/python3/dist-packages/intro_tutorial/msg/_msg1.py, /home/fogliodicarta/Desktop/ROS-LAB/lab1/catkin_ws/devel/lib/python3/dist-packages/intro_tutorial/msg/_msg1.py)
Cleaning: (/home/fogliodicarta/Desktop/ROS-LAB/lab1/catkin_ws/devel/.private/intro_tutorial/share/gennodejs/ros/intro_tutorial/_index.js, /home/fogliodicarta/Desktop/ROS-LAB/lab1/catkin_ws/devel/share/gennodejs/ros/intro_tutorial/_index.js)
Cleaning: (/home/fogliodicarta/Desktop/ROS-LAB/lab1/catkin_ws/devel/.private/intro_tutorial/share/gennodejs/ros/intro_tutorial/srv/robotservice.js, /home/fogliodicarta/Desktop/ROS-LAB/lab1/catkin_ws/devel/share/gennodejs/ros/intro_tutorial/srv/robotservice.js)
Cleaning: (/home/fogliodicarta/Desktop/ROS-LAB/lab1/catkin_ws/devel/.private/intro_tutorial/share/gennodejs/ros/intro_tutorial/srv/srv1.js, /home/fogliodicarta/Desktop/ROS-LAB/lab1/catkin_ws/devel/share/gennodejs/ros/intro_tutorial/srv/srv1.js)
Cleaning: (/home/fogliodicarta/Desktop/ROS-LAB/lab1/catkin_ws/devel/.private/intro_tutorial/share/gennodejs/ros/intro_tutorial/srv/_index.js, /home/fogliodicarta/Desktop/ROS-LAB/lab1/catkin_ws/devel/share/gennodejs/ros/intro_tutorial/srv/_index.js)
Cleaning: (/home/fogliodicarta/Desktop/ROS-LAB/lab1/catkin_ws/devel/.private/intro_tutorial/share/gennodejs/ros/intro_tutorial/msg/msg1.js, /home/fogliodicarta/Desktop/ROS-LAB/lab1/catkin_ws/devel/share/gennodejs/ros/intro_tutorial/msg/msg1.js)
Cleaning: (/home/fogliodicarta/Desktop/ROS-LAB/lab1/catkin_ws/devel/.private/intro_tutorial/share/gennodejs/ros/intro_tutorial/msg/_index.js, /home/fogliodicarta/Desktop/ROS-LAB/lab1/catkin_ws/devel/share/gennodejs/ros/intro_tutorial/msg/_index.js)
Cleaning: (/home/fogliodicarta/Desktop/ROS-LAB/lab1/catkin_ws/devel/.private/intro_tutorial/share/intro_tutorial/cmake/intro_tutorialConfig.cmake, /home/fogliodicarta/Desktop/ROS-LAB/lab1/catkin_ws/devel/share/intro_tutorial/cmake/intro_tutorialConfig.cmake)
Cleaning: (/home/fogliodicarta/Desktop/ROS-LAB/lab1/catkin_ws/devel/.private/intro_tutorial/share/intro_tutorial/cmake/intro_tutorialConfig-version.cmake, /home/fogliodicarta/Desktop/ROS-LAB/lab1/catkin_ws/devel/share/intro_tutorial/cmake/intro_tutorialConfig-version.cmake)
Cleaning: (/home/fogliodicarta/Desktop/ROS-LAB/lab1/catkin_ws/devel/.private/intro_tutorial/share/intro_tutorial/cmake/intro_tutorial-msg-paths.cmake, /home/fogliodicarta/Desktop/ROS-LAB/lab1/catkin_ws/devel/share/intro_tutorial/cmake/intro_tutorial-msg-paths.cmake)
Cleaning: (/home/fogliodicarta/Desktop/ROS-LAB/lab1/catkin_ws/devel/.private/intro_tutorial/share/intro_tutorial/cmake/intro_tutorial-msg-extras.cmake, /home/fogliodicarta/Desktop/ROS-LAB/lab1/catkin_ws/devel/share/intro_tutorial/cmake/intro_tutorial-msg-extras.cmake)
Cleaning: (/home/fogliodicarta/Desktop/ROS-LAB/lab1/catkin_ws/devel/.private/intro_tutorial/share/common-lisp/ros/intro_tutorial/srv/srv1.lisp, /home/fogliodicarta/Desktop/ROS-LAB/lab1/catkin_ws/devel/share/common-lisp/ros/intro_tutorial/srv/srv1.lisp)
Cleaning: (/home/fogliodicarta/Desktop/ROS-LAB/lab1/catkin_ws/devel/.private/intro_tutorial/share/common-lisp/ros/intro_tutorial/srv/_package.lisp, /home/fogliodicarta/Desktop/ROS-LAB/lab1/catkin_ws/devel/share/common-lisp/ros/intro_tutorial/srv/_package.lisp)
Cleaning: (/home/fogliodicarta/Desktop/ROS-LAB/lab1/catkin_ws/devel/.private/intro_tutorial/share/common-lisp/ros/intro_tutorial/srv/robotservice.lisp, /home/fogliodicarta/Desktop/ROS-LAB/lab1/catkin_ws/devel/share/common-lisp/ros/intro_tutorial/srv/robotservice.lisp)
Cleaning: (/home/fogliodicarta/Desktop/ROS-LAB/lab1/catkin_ws/devel/.private/intro_tutorial/share/common-lisp/ros/intro_tutorial/srv/_package_robotservice.lisp, /home/fogliodicarta/Desktop/ROS-LAB/lab1/catkin_ws/devel/share/common-lisp/ros/intro_tutorial/srv/_package_robotservice.lisp)
Cleaning: (/home/fogliodicarta/Desktop/ROS-LAB/lab1/catkin_ws/devel/.private/intro_tutorial/share/common-lisp/ros/intro_tutorial/srv/_package_srv1.lisp, /home/fogliodicarta/Desktop/ROS-LAB/lab1/catkin_ws/devel/share/common-lisp/ros/intro_tutorial/srv/_package_srv1.lisp)
Cleaning: (/home/fogliodicarta/Desktop/ROS-LAB/lab1/catkin_ws/devel/.private/intro_tutorial/share/common-lisp/ros/intro_tutorial/srv/intro_tutorial-srv.asd, /home/fogliodicarta/Desktop/ROS-LAB/lab1/catkin_ws/devel/share/common-lisp/ros/intro_tutorial/srv/intro_tutorial-srv.asd)
Cleaning: (/home/fogliodicarta/Desktop/ROS-LAB/lab1/catkin_ws/devel/.private/intro_tutorial/share/common-lisp/ros/intro_tutorial/msg/msg1.lisp, /home/fogliodicarta/Desktop/ROS-LAB/lab1/catkin_ws/devel/share/common-lisp/ros/intro_tutorial/msg/msg1.lisp)
Cleaning: (/home/fogliodicarta/Desktop/ROS-LAB/lab1/catkin_ws/devel/.private/intro_tutorial/share/common-lisp/ros/intro_tutorial/msg/intro_tutorial-msg.asd, /home/fogliodicarta/Desktop/ROS-LAB/lab1/catkin_ws/devel/share/common-lisp/ros/intro_tutorial/msg/intro_tutorial-msg.asd)
Cleaning: (/home/fogliodicarta/Desktop/ROS-LAB/lab1/catkin_ws/devel/.private/intro_tutorial/share/common-lisp/ros/intro_tutorial/msg/_package.lisp, /home/fogliodicarta/Desktop/ROS-LAB/lab1/catkin_ws/devel/share/common-lisp/ros/intro_tutorial/msg/_package.lisp)
Cleaning: (/home/fogliodicarta/Desktop/ROS-LAB/lab1/catkin_ws/devel/.private/intro_tutorial/share/common-lisp/ros/intro_tutorial/msg/_package_msg1.lisp, /home/fogliodicarta/Desktop/ROS-LAB/lab1/catkin_ws/devel/share/common-lisp/ros/intro_tutorial/msg/_package_msg1.lisp)
Cleaning: (/home/fogliodicarta/Desktop/ROS-LAB/lab1/catkin_ws/devel/.private/intro_tutorial/share/roseus/ros/intro_tutorial/manifest.l, /home/fogliodicarta/Desktop/ROS-LAB/lab1/catkin_ws/devel/share/roseus/ros/intro_tutorial/manifest.l)
Cleaning: (/home/fogliodicarta/Desktop/ROS-LAB/lab1/catkin_ws/devel/.private/intro_tutorial/share/roseus/ros/intro_tutorial/srv/robotservice.l, /home/fogliodicarta/Desktop/ROS-LAB/lab1/catkin_ws/devel/share/roseus/ros/intro_tutorial/srv/robotservice.l)
Cleaning: (/home/fogliodicarta/Desktop/ROS-LAB/lab1/catkin_ws/devel/.private/intro_tutorial/share/roseus/ros/intro_tutorial/srv/srv1.l, /home/fogliodicarta/Desktop/ROS-LAB/lab1/catkin_ws/devel/share/roseus/ros/intro_tutorial/srv/srv1.l)
Cleaning: (/home/fogliodicarta/Desktop/ROS-LAB/lab1/catkin_ws/devel/.private/intro_tutorial/share/roseus/ros/intro_tutorial/msg/msg1.l, /home/fogliodicarta/Desktop/ROS-LAB/lab1/catkin_ws/devel/share/roseus/ros/intro_tutorial/msg/msg1.l)
Cleaning: (/home/fogliodicarta/Desktop/ROS-LAB/lab1/catkin_ws/devel/.private/intro_tutorial/include/intro_tutorial/srv1.h, /home/fogliodicarta/Desktop/ROS-LAB/lab1/catkin_ws/devel/include/intro_tutorial/srv1.h)
Cleaning: (/home/fogliodicarta/Desktop/ROS-LAB/lab1/catkin_ws/devel/.private/intro_tutorial/include/intro_tutorial/robotserviceRequest.h, /home/fogliodicarta/Desktop/ROS-LAB/lab1/catkin_ws/devel/include/intro_tutorial/robotserviceRequest.h)
Cleaning: (/home/fogliodicarta/Desktop/ROS-LAB/lab1/catkin_ws/devel/.private/intro_tutorial/include/intro_tutorial/msg1.h, /home/fogliodicarta/Desktop/ROS-LAB/lab1/catkin_ws/devel/include/intro_tutorial/msg1.h)
Cleaning: (/home/fogliodicarta/Desktop/ROS-LAB/lab1/catkin_ws/devel/.private/intro_tutorial/include/intro_tutorial/srv1Request.h, /home/fogliodicarta/Desktop/ROS-LAB/lab1/catkin_ws/devel/include/intro_tutorial/srv1Request.h)
Cleaning: (/home/fogliodicarta/Desktop/ROS-LAB/lab1/catkin_ws/devel/.private/intro_tutorial/include/intro_tutorial/srv1Response.h, /home/fogliodicarta/Desktop/ROS-LAB/lab1/catkin_ws/devel/include/intro_tutorial/srv1Response.h)
Cleaning: (/home/fogliodicarta/Desktop/ROS-LAB/lab1/catkin_ws/devel/.private/intro_tutorial/include/intro_tutorial/robotserviceResponse.h, /home/fogliodicarta/Desktop/ROS-LAB/lab1/catkin_ws/devel/include/intro_tutorial/robotserviceResponse.h)
Cleaning: (/home/fogliodicarta/Desktop/ROS-LAB/lab1/catkin_ws/devel/.private/intro_tutorial/include/intro_tutorial/robotservice.h, /home/fogliodicarta/Desktop/ROS-LAB/lab1/catkin_ws/devel/include/intro_tutorial/robotservice.h)
Unlinking: /home/fogliodicarta/Desktop/ROS-LAB/lab1/catkin_ws/devel/lib/pkgconfig/intro_tutorial.pc
Already unlinked: {}
Unlinking: /home/fogliodicarta/Desktop/ROS-LAB/lab1/catkin_ws/devel/lib/intro_tutorial/talker
Already unlinked: {}
Unlinking: /home/fogliodicarta/Desktop/ROS-LAB/lab1/catkin_ws/devel/lib/intro_tutorial/example3_a
Already unlinked: {}
Unlinking: /home/fogliodicarta/Desktop/ROS-LAB/lab1/catkin_ws/devel/lib/intro_tutorial/station
Already unlinked: {}
Unlinking: /home/fogliodicarta/Desktop/ROS-LAB/lab1/catkin_ws/devel/lib/intro_tutorial/listener
Already unlinked: {}
Unlinking: /home/fogliodicarta/Desktop/ROS-LAB/lab1/catkin_ws/devel/lib/intro_tutorial/example3_b
Already unlinked: {}
Unlinking: /home/fogliodicarta/Desktop/ROS-LAB/lab1/catkin_ws/devel/lib/intro_tutorial/robot
Already unlinked: {}
Unlinking: /home/fogliodicarta/Desktop/ROS-LAB/lab1/catkin_ws/devel/lib/python3/dist-packages/intro_tutorial/__init__.py
Already unlinked: {}
Unlinking: /home/fogliodicarta/Desktop/ROS-LAB/lab1/catkin_ws/devel/lib/python3/dist-packages/intro_tutorial/srv/__init__.py
Already unlinked: {}
Unlinking: /home/fogliodicarta/Desktop/ROS-LAB/lab1/catkin_ws/devel/lib/python3/dist-packages/intro_tutorial/srv/_robotservice.py
Already unlinked: {}
Unlinking: /home/fogliodicarta/Desktop/ROS-LAB/lab1/catkin_ws/devel/lib/python3/dist-packages/intro_tutorial/srv/_srv1.py
Already unlinked: {}
Unlinking: /home/fogliodicarta/Desktop/ROS-LAB/lab1/catkin_ws/devel/lib/python3/dist-packages/intro_tutorial/msg/__init__.py
Already unlinked: {}
Unlinking: /home/fogliodicarta/Desktop/ROS-LAB/lab1/catkin_ws/devel/lib/python3/dist-packages/intro_tutorial/msg/_msg1.py
Already unlinked: {}
Unlinking: /home/fogliodicarta/Desktop/ROS-LAB/lab1/catkin_ws/devel/share/gennodejs/ros/intro_tutorial/_index.js
Already unlinked: {}
Unlinking: /home/fogliodicarta/Desktop/ROS-LAB/lab1/catkin_ws/devel/share/gennodejs/ros/intro_tutorial/srv/robotservice.js
Already unlinked: {}
Unlinking: /home/fogliodicarta/Desktop/ROS-LAB/lab1/catkin_ws/devel/share/gennodejs/ros/intro_tutorial/srv/srv1.js
Already unlinked: {}
Unlinking: /home/fogliodicarta/Desktop/ROS-LAB/lab1/catkin_ws/devel/share/gennodejs/ros/intro_tutorial/srv/_index.js
Already unlinked: {}
Unlinking: /home/fogliodicarta/Desktop/ROS-LAB/lab1/catkin_ws/devel/share/gennodejs/ros/intro_tutorial/msg/msg1.js
Already unlinked: {}
Unlinking: /home/fogliodicarta/Desktop/ROS-LAB/lab1/catkin_ws/devel/share/gennodejs/ros/intro_tutorial/msg/_index.js
Already unlinked: {}
Unlinking: /home/fogliodicarta/Desktop/ROS-LAB/lab1/catkin_ws/devel/share/intro_tutorial/cmake/intro_tutorialConfig.cmake
Already unlinked: {}
Unlinking: /home/fogliodicarta/Desktop/ROS-LAB/lab1/catkin_ws/devel/share/intro_tutorial/cmake/intro_tutorialConfig-version.cmake
Already unlinked: {}
Unlinking: /home/fogliodicarta/Desktop/ROS-LAB/lab1/catkin_ws/devel/share/intro_tutorial/cmake/intro_tutorial-msg-paths.cmake
Already unlinked: {}
Unlinking: /home/fogliodicarta/Desktop/ROS-LAB/lab1/catkin_ws/devel/share/intro_tutorial/cmake/intro_tutorial-msg-extras.cmake
Already unlinked: {}
Unlinking: /home/fogliodicarta/Desktop/ROS-LAB/lab1/catkin_ws/devel/share/common-lisp/ros/intro_tutorial/srv/srv1.lisp
Already unlinked: {}
Unlinking: /home/fogliodicarta/Desktop/ROS-LAB/lab1/catkin_ws/devel/share/common-lisp/ros/intro_tutorial/srv/_package.lisp
Already unlinked: {}
Unlinking: /home/fogliodicarta/Desktop/ROS-LAB/lab1/catkin_ws/devel/share/common-lisp/ros/intro_tutorial/srv/robotservice.lisp
Already unlinked: {}
Unlinking: /home/fogliodicarta/Desktop/ROS-LAB/lab1/catkin_ws/devel/share/common-lisp/ros/intro_tutorial/srv/_package_robotservice.lisp
Already unlinked: {}
Unlinking: /home/fogliodicarta/Desktop/ROS-LAB/lab1/catkin_ws/devel/share/common-lisp/ros/intro_tutorial/srv/_package_srv1.lisp
Already unlinked: {}
Unlinking: /home/fogliodicarta/Desktop/ROS-LAB/lab1/catkin_ws/devel/share/common-lisp/ros/intro_tutorial/srv/intro_tutorial-srv.asd
Already unlinked: {}
Unlinking: /home/fogliodicarta/Desktop/ROS-LAB/lab1/catkin_ws/devel/share/common-lisp/ros/intro_tutorial/msg/msg1.lisp
Already unlinked: {}
Unlinking: /home/fogliodicarta/Desktop/ROS-LAB/lab1/catkin_ws/devel/share/common-lisp/ros/intro_tutorial/msg/intro_tutorial-msg.asd
Already unlinked: {}
Unlinking: /home/fogliodicarta/Desktop/ROS-LAB/lab1/catkin_ws/devel/share/common-lisp/ros/intro_tutorial/msg/_package.lisp
Already unlinked: {}
Unlinking: /home/fogliodicarta/Desktop/ROS-LAB/lab1/catkin_ws/devel/share/common-lisp/ros/intro_tutorial/msg/_package_msg1.lisp
Already unlinked: {}
Unlinking: /home/fogliodicarta/Desktop/ROS-LAB/lab1/catkin_ws/devel/share/roseus/ros/intro_tutorial/manifest.l
Already unlinked: {}
Unlinking: /home/fogliodicarta/Desktop/ROS-LAB/lab1/catkin_ws/devel/share/roseus/ros/intro_tutorial/srv/robotservice.l
Already unlinked: {}
Unlinking: /home/fogliodicarta/Desktop/ROS-LAB/lab1/catkin_ws/devel/share/roseus/ros/intro_tutorial/srv/srv1.l
Already unlinked: {}
Unlinking: /home/fogliodicarta/Desktop/ROS-LAB/lab1/catkin_ws/devel/share/roseus/ros/intro_tutorial/msg/msg1.l
Already unlinked: {}
Unlinking: /home/fogliodicarta/Desktop/ROS-LAB/lab1/catkin_ws/devel/include/intro_tutorial/srv1.h
Already unlinked: {}
Unlinking: /home/fogliodicarta/Desktop/ROS-LAB/lab1/catkin_ws/devel/include/intro_tutorial/robotserviceRequest.h
Already unlinked: {}
Unlinking: /home/fogliodicarta/Desktop/ROS-LAB/lab1/catkin_ws/devel/include/intro_tutorial/msg1.h
Already unlinked: {}
Unlinking: /home/fogliodicarta/Desktop/ROS-LAB/lab1/catkin_ws/devel/include/intro_tutorial/srv1Request.h
Already unlinked: {}
Unlinking: /home/fogliodicarta/Desktop/ROS-LAB/lab1/catkin_ws/devel/include/intro_tutorial/srv1Response.h
Already unlinked: {}
Unlinking: /home/fogliodicarta/Desktop/ROS-LAB/lab1/catkin_ws/devel/include/intro_tutorial/robotserviceResponse.h
Already unlinked: {}
Unlinking: /home/fogliodicarta/Desktop/ROS-LAB/lab1/catkin_ws/devel/include/intro_tutorial/robotservice.h
Already unlinked: {}
