[01m[K/home/local/degmat87367/Desktop/ROS-LAB/lab1/catkin_ws/src/intro_tutorial/src/robot.cpp:3:26:[m[K [01;31m[Kerror: [m[K‘[01m[Kintro_tutorial::robotservice[m[K’ has not been declared
    3 | bool add(intro_tutorial::[01;31m[Krobotservice[m[K::Request &req,
      |                          [01;31m[K^~~~~~~~~~~~[m[K
[01m[K/home/local/degmat87367/Desktop/ROS-LAB/lab1/catkin_ws/src/intro_tutorial/src/robot.cpp:3:49:[m[K [01;31m[Kerror: [m[K‘[01m[Kreq[m[K’ was not declared in this scope
    3 | bool add(intro_tutorial::robotservice::Request &[01;31m[Kreq[m[K,
      |                                                 [01;31m[K^~~[m[K
[01m[K/home/local/degmat87367/Desktop/ROS-LAB/lab1/catkin_ws/src/intro_tutorial/src/robot.cpp:4:21:[m[K [01;31m[Kerror: [m[K‘[01m[Kintro_tutorial::robotservice[m[K’ has not been declared
    4 |     intro_tutorial::[01;31m[Krobotservice[m[K::Response &res)
      |                     [01;31m[K^~~~~~~~~~~~[m[K
[01m[K/home/local/degmat87367/Desktop/ROS-LAB/lab1/catkin_ws/src/intro_tutorial/src/robot.cpp:4:45:[m[K [01;31m[Kerror: [m[K‘[01m[Kres[m[K’ was not declared in this scope; did you mean ‘[01m[Kros[m[K’?
    4 |     intro_tutorial::robotservice::Response &[01;31m[Kres[m[K)
      |                                             [01;31m[K^~~[m[K
      |                                             [32m[Kros[m[K
[01m[K/home/local/degmat87367/Desktop/ROS-LAB/lab1/catkin_ws/src/intro_tutorial/src/robot.cpp:4:48:[m[K [01;31m[Kerror: [m[Kexpression list treated as compound expression in initializer [[01;31m[K-fpermissive[m[K]
    4 |     intro_tutorial::robotservice::Response &res[01;31m[K)[m[K
      |                                                [01;31m[K^[m[K
[01m[K/home/local/degmat87367/Desktop/ROS-LAB/lab1/catkin_ws/src/intro_tutorial/src/robot.cpp:[m[K In function ‘[01m[Kint main(int, char**)[m[K’:
[01m[K/home/local/degmat87367/Desktop/ROS-LAB/lab1/catkin_ws/src/intro_tutorial/src/robot.cpp:25:41:[m[K [01;31m[Kerror: [m[Kno matching function for call to ‘[01m[Kros::NodeHandle::advertiseService(const char [11], bool&)[m[K’
   25 |     n.advertiseService("add_3_ints", add[01;31m[K)[m[K;
      |                                         [01;31m[K^[m[K
In file included from [01m[K/opt/ros/noetic/include/ros/ros.h:45[m[K,
                 from [01m[K/home/local/degmat87367/Desktop/ROS-LAB/lab1/catkin_ws/src/intro_tutorial/src/robot.cpp:1[m[K:
[01m[K/opt/ros/noetic/include/ros/node_handle.h:879:17:[m[K [01;36m[Knote: [m[Kcandidate: ‘[01m[Ktemplate<class T, class MReq, class MRes> ros::ServiceServer ros::NodeHandle::advertiseService(const string&, bool (T::*)(MReq&, MRes&), T*)[m[K’
  879 |   ServiceServer [01;36m[KadvertiseService[m[K(const std::string& service, bool(T::*srv_func)(MReq &, MRes &), T *obj)
      |                 [01;36m[K^~~~~~~~~~~~~~~~[m[K
[01m[K/opt/ros/noetic/include/ros/node_handle.h:879:17:[m[K [01;36m[Knote: [m[K  template argument deduction/substitution failed:
[01m[K/home/local/degmat87367/Desktop/ROS-LAB/lab1/catkin_ws/src/intro_tutorial/src/robot.cpp:25:41:[m[K [01;36m[Knote: [m[K  mismatched types ‘[01m[Kbool (T::*)(MReq&, MRes&)[m[K’ and ‘[01m[Kbool[m[K’
   25 |     n.advertiseService("add_3_ints", add[01;36m[K)[m[K;
      |                                         [01;36m[K^[m[K
In file included from [01m[K/opt/ros/noetic/include/ros/ros.h:45[m[K,
                 from [01m[K/home/local/degmat87367/Desktop/ROS-LAB/lab1/catkin_ws/src/intro_tutorial/src/robot.cpp:1[m[K:
[01m[K/opt/ros/noetic/include/ros/node_handle.h:924:17:[m[K [01;36m[Knote: [m[Kcandidate: ‘[01m[Ktemplate<class T, class MReq, class MRes> ros::ServiceServer ros::NodeHandle::advertiseService(const string&, bool (T::*)(ros::ServiceEvent<MReq, MRes>&), T*)[m[K’
  924 |   ServiceServer [01;36m[KadvertiseService[m[K(const std::string& service, bool(T::*srv_func)(ServiceEvent<MReq, MRes>&), T *obj)
      |                 [01;36m[K^~~~~~~~~~~~~~~~[m[K
[01m[K/opt/ros/noetic/include/ros/node_handle.h:924:17:[m[K [01;36m[Knote: [m[K  template argument deduction/substitution failed:
[01m[K/home/local/degmat87367/Desktop/ROS-LAB/lab1/catkin_ws/src/intro_tutorial/src/robot.cpp:25:41:[m[K [01;36m[Knote: [m[K  mismatched types ‘[01m[Kbool (T::*)(ros::ServiceEvent<MReq, MRes>&)[m[K’ and ‘[01m[Kbool[m[K’
   25 |     n.advertiseService("add_3_ints", add[01;36m[K)[m[K;
      |                                         [01;36m[K^[m[K
In file included from [01m[K/opt/ros/noetic/include/ros/ros.h:45[m[K,
                 from [01m[K/home/local/degmat87367/Desktop/ROS-LAB/lab1/catkin_ws/src/intro_tutorial/src/robot.cpp:1[m[K:
[01m[K/opt/ros/noetic/include/ros/node_handle.h:970:17:[m[K [01;36m[Knote: [m[Kcandidate: ‘[01m[Ktemplate<class T, class MReq, class MRes> ros::ServiceServer ros::NodeHandle::advertiseService(const string&, bool (T::*)(MReq&, MRes&), const boost::shared_ptr<X>&)[m[K’
  970 |   ServiceServer [01;36m[KadvertiseService[m[K(const std::string& service, bool(T::*srv_func)(MReq &, MRes &), const boost::shared_ptr<T>& obj)
      |                 [01;36m[K^~~~~~~~~~~~~~~~[m[K
[01m[K/opt/ros/noetic/include/ros/node_handle.h:970:17:[m[K [01;36m[Knote: [m[K  template argument deduction/substitution failed:
[01m[K/home/local/degmat87367/Desktop/ROS-LAB/lab1/catkin_ws/src/intro_tutorial/src/robot.cpp:25:41:[m[K [01;36m[Knote: [m[K  mismatched types ‘[01m[Kbool (T::*)(MReq&, MRes&)[m[K’ and ‘[01m[Kbool[m[K’
   25 |     n.advertiseService("add_3_ints", add[01;36m[K)[m[K;
      |                                         [01;36m[K^[m[K
In file included from [01m[K/opt/ros/noetic/include/ros/ros.h:45[m[K,
                 from [01m[K/home/local/degmat87367/Desktop/ROS-LAB/lab1/catkin_ws/src/intro_tutorial/src/robot.cpp:1[m[K:
[01m[K/opt/ros/noetic/include/ros/node_handle.h:1017:17:[m[K [01;36m[Knote: [m[Kcandidate: ‘[01m[Ktemplate<class T, class MReq, class MRes> ros::ServiceServer ros::NodeHandle::advertiseService(const string&, bool (T::*)(ros::ServiceEvent<MReq, MRes>&), const boost::shared_ptr<X>&)[m[K’
 1017 |   ServiceServer [01;36m[KadvertiseService[m[K(const std::string& service, bool(T::*srv_func)(ServiceEvent<MReq, MRes>&), const boost::shared_ptr<T>& obj)
      |                 [01;36m[K^~~~~~~~~~~~~~~~[m[K
[01m[K/opt/ros/noetic/include/ros/node_handle.h:1017:17:[m[K [01;36m[Knote: [m[K  template argument deduction/substitution failed:
[01m[K/home/local/degmat87367/Desktop/ROS-LAB/lab1/catkin_ws/src/intro_tutorial/src/robot.cpp:25:41:[m[K [01;36m[Knote: [m[K  mismatched types ‘[01m[Kbool (T::*)(ros::ServiceEvent<MReq, MRes>&)[m[K’ and ‘[01m[Kbool[m[K’
   25 |     n.advertiseService("add_3_ints", add[01;36m[K)[m[K;
      |                                         [01;36m[K^[m[K
In file included from [01m[K/opt/ros/noetic/include/ros/ros.h:45[m[K,
                 from [01m[K/home/local/degmat87367/Desktop/ROS-LAB/lab1/catkin_ws/src/intro_tutorial/src/robot.cpp:1[m[K:
[01m[K/opt/ros/noetic/include/ros/node_handle.h:1061:17:[m[K [01;36m[Knote: [m[Kcandidate: ‘[01m[Ktemplate<class MReq, class MRes> ros::ServiceServer ros::NodeHandle::advertiseService(const string&, bool (*)(MReq&, MRes&))[m[K’
 1061 |   ServiceServer [01;36m[KadvertiseService[m[K(const std::string& service, bool(*srv_func)(MReq&, MRes&))
      |                 [01;36m[K^~~~~~~~~~~~~~~~[m[K
[01m[K/opt/ros/noetic/include/ros/node_handle.h:1061:17:[m[K [01;36m[Knote: [m[K  template argument deduction/substitution failed:
[01m[K/home/local/degmat87367/Desktop/ROS-LAB/lab1/catkin_ws/src/intro_tutorial/src/robot.cpp:25:41:[m[K [01;36m[Knote: [m[K  mismatched types ‘[01m[Kbool (*)(MReq&, MRes&)[m[K’ and ‘[01m[Kbool[m[K’
   25 |     n.advertiseService("add_3_ints", add[01;36m[K)[m[K;
      |                                         [01;36m[K^[m[K
In file included from [01m[K/opt/ros/noetic/include/ros/ros.h:45[m[K,
                 from [01m[K/home/local/degmat87367/Desktop/ROS-LAB/lab1/catkin_ws/src/intro_tutorial/src/robot.cpp:1[m[K:
[01m[K/opt/ros/noetic/include/ros/node_handle.h:1104:17:[m[K [01;36m[Knote: [m[Kcandidate: ‘[01m[Ktemplate<class MReq, class MRes> ros::ServiceServer ros::NodeHandle::advertiseService(const string&, bool (*)(ros::ServiceEvent<MReq, MRes>&))[m[K’
 1104 |   ServiceServer [01;36m[KadvertiseService[m[K(const std::string& service, bool(*srv_func)(ServiceEvent<MReq, MRes>&))
      |                 [01;36m[K^~~~~~~~~~~~~~~~[m[K
[01m[K/opt/ros/noetic/include/ros/node_handle.h:1104:17:[m[K [01;36m[Knote: [m[K  template argument deduction/substitution failed:
[01m[K/home/local/degmat87367/Desktop/ROS-LAB/lab1/catkin_ws/src/intro_tutorial/src/robot.cpp:25:41:[m[K [01;36m[Knote: [m[K  mismatched types ‘[01m[Kbool (*)(ros::ServiceEvent<MReq, MRes>&)[m[K’ and ‘[01m[Kbool[m[K’
   25 |     n.advertiseService("add_3_ints", add[01;36m[K)[m[K;
      |                                         [01;36m[K^[m[K
In file included from [01m[K/opt/ros/noetic/include/ros/ros.h:45[m[K,
                 from [01m[K/home/local/degmat87367/Desktop/ROS-LAB/lab1/catkin_ws/src/intro_tutorial/src/robot.cpp:1[m[K:
[01m[K/opt/ros/noetic/include/ros/node_handle.h:1145:17:[m[K [01;36m[Knote: [m[Kcandidate: ‘[01m[Ktemplate<class MReq, class MRes> ros::ServiceServer ros::NodeHandle::advertiseService(const string&, const boost::function<bool(MReq&, MRes&)>&, const VoidConstPtr&)[m[K’
 1145 |   ServiceServer [01;36m[KadvertiseService[m[K(const std::string& service, const boost::function<bool(MReq&, MRes&)>& callback,
      |                 [01;36m[K^~~~~~~~~~~~~~~~[m[K
[01m[K/opt/ros/noetic/include/ros/node_handle.h:1145:17:[m[K [01;36m[Knote: [m[K  template argument deduction/substitution failed:
[01m[K/home/local/degmat87367/Desktop/ROS-LAB/lab1/catkin_ws/src/intro_tutorial/src/robot.cpp:25:41:[m[K [01;36m[Knote: [m[K  mismatched types ‘[01m[Kconst boost::function<bool(MReq&, MRes&)>[m[K’ and ‘[01m[Kbool[m[K’
   25 |     n.advertiseService("add_3_ints", add[01;36m[K)[m[K;
      |                                         [01;36m[K^[m[K
In file included from [01m[K/opt/ros/noetic/include/ros/ros.h:45[m[K,
                 from [01m[K/home/local/degmat87367/Desktop/ROS-LAB/lab1/catkin_ws/src/intro_tutorial/src/robot.cpp:1[m[K:
[01m[K/opt/ros/noetic/include/ros/node_handle.h:1190:17:[m[K [01;36m[Knote: [m[Kcandidate: ‘[01m[Ktemplate<class S> ros::ServiceServer ros::NodeHandle::advertiseService(const string&, const boost::function<bool(S&)>&, const VoidConstPtr&)[m[K’
 1190 |   ServiceServer [01;36m[KadvertiseService[m[K(const std::string& service, const boost::function<bool(S&)>& callback,
      |                 [01;36m[K^~~~~~~~~~~~~~~~[m[K
[01m[K/opt/ros/noetic/include/ros/node_handle.h:1190:17:[m[K [01;36m[Knote: [m[K  template argument deduction/substitution failed:
[01m[K/home/local/degmat87367/Desktop/ROS-LAB/lab1/catkin_ws/src/intro_tutorial/src/robot.cpp:25:41:[m[K [01;36m[Knote: [m[K  mismatched types ‘[01m[Kconst boost::function<bool(S&)>[m[K’ and ‘[01m[Kbool[m[K’
   25 |     n.advertiseService("add_3_ints", add[01;36m[K)[m[K;
      |                                         [01;36m[K^[m[K
In file included from [01m[K/opt/ros/noetic/include/ros/ros.h:45[m[K,
                 from [01m[K/home/local/degmat87367/Desktop/ROS-LAB/lab1/catkin_ws/src/intro_tutorial/src/robot.cpp:1[m[K:
[01m[K/opt/ros/noetic/include/ros/node_handle.h:1222:17:[m[K [01;36m[Knote: [m[Kcandidate: ‘[01m[Kros::ServiceServer ros::NodeHandle::advertiseService(ros::AdvertiseServiceOptions&)[m[K’
 1222 |   ServiceServer [01;36m[KadvertiseService[m[K(AdvertiseServiceOptions& ops);
      |                 [01;36m[K^~~~~~~~~~~~~~~~[m[K
[01m[K/opt/ros/noetic/include/ros/node_handle.h:1222:17:[m[K [01;36m[Knote: [m[K  candidate expects 1 argument, 2 provided
[01m[K/home/local/degmat87367/Desktop/ROS-LAB/lab1/catkin_ws/src/intro_tutorial/src/station.cpp:[m[K In function ‘[01m[Kint main(int, char**)[m[K’:
[01m[K/home/local/degmat87367/Desktop/ROS-LAB/lab1/catkin_ws/src/intro_tutorial/src/station.cpp:15:19:[m[K [01;31m[Kerror: [m[K‘[01m[Krobotservice[m[K’ is not a member of ‘[01m[Kintro_tutorial[m[K’
   15 |   intro_tutorial::[01;31m[Krobotservice[m[K srv;
      |                   [01;31m[K^~~~~~~~~~~~[m[K
[01m[K/home/local/degmat87367/Desktop/ROS-LAB/lab1/catkin_ws/src/intro_tutorial/src/station.cpp:16:3:[m[K [01;31m[Kerror: [m[K‘[01m[Ksrv[m[K’ was not declared in this scope
   16 |   [01;31m[Ksrv[m[K.station_id = 42;
      |   [01;31m[K^~~[m[K
make[2]: *** [CMakeFiles/robot.dir/build.make:63: CMakeFiles/robot.dir/src/robot.cpp.o] Error 1
make[1]: *** [CMakeFiles/Makefile2:618: CMakeFiles/robot.dir/all] Error 2
make[1]: *** Waiting for unfinished jobs....
make[2]: *** [CMakeFiles/station.dir/build.make:63: CMakeFiles/station.dir/src/station.cpp.o] Error 1
make[1]: *** [CMakeFiles/Makefile2:780: CMakeFiles/station.dir/all] Error 2
make: *** [Makefile:141: all] Error 2
