[  0%] Built target std_msgs_generate_messages_py
[  0%] Built target std_msgs_generate_messages_cpp
[  0%] Built target std_msgs_generate_messages_nodejs
[  0%] Built target std_msgs_generate_messages_eus
[  0%] Built target std_msgs_generate_messages_lisp
[  0%] Built target _intro_tutorial_generate_messages_check_deps_msg1
[  0%] Built target _intro_tutorial_generate_messages_check_deps_robotservice
[  0%] Built target _intro_tutorial_generate_messages_check_deps_srv1
[ 23%] Built target intro_tutorial_generate_messages_cpp
[ 26%] Built target intro_tutorial_generate_messages_py
[ 40%] Built target intro_tutorial_generate_messages_eus
[ 50%] Built target intro_tutorial_generate_messages_lisp
[ 60%] Built target intro_tutorial_generate_messages_nodejs
[ 60%] Built target intro_tutorial_generate_messages
[ 66%] Built target example3_a
[ 73%] Built target robot
[ 86%] Built target example3_b
[ 86%] Built target listener
[ 93%] Built target talker
[100%] Built target station
